app/build/intermediates/manifest_merge_blame_file/debug/manifest-merger-blame-debug-report.txt
1<?xml version="1.0" encoding="utf-8"?>
2<manifest xmlns:android="http://schemas.android.com/apk/res/android"
3    package="com.aserbao.androidcustomcamera"
4    android:versionCode="1"
5    android:versionName="1.0" >
6
7    <uses-sdk
8        android:minSdkVersion="23"
8-->src\main\AndroidManifest.xml
9        android:targetSdkVersion="27" />
9-->src\main\AndroidManifest.xml
10
11    <uses-permission android:name="android.permission.WRITE_EXTERNAL_STORAGE" />
11-->src\main\AndroidManifest.xml:5:5-81
11-->src\main\AndroidManifest.xml:5:22-78
12    <uses-permission android:name="android.permission.READ_EXTERNAL_STORAGE" />
12-->src\main\AndroidManifest.xml:6:5-80
12-->src\main\AndroidManifest.xml:6:22-77
13    <uses-permission android:name="android.permission.CAMERA" />
13-->src\main\AndroidManifest.xml:7:5-65
13-->src\main\AndroidManifest.xml:7:22-62
14    <uses-permission android:name="android.permission.RECORD_AUDIO" />
14-->src\main\AndroidManifest.xml:8:5-71
14-->src\main\AndroidManifest.xml:8:22-68
15    <uses-permission android:name="android.permission.WRITE_SETTINGS" />
15-->[com.github.yangjie10930:EpMedia:v0.9.5] AndroidManifest.xml:12:5-73
15-->[com.github.yangjie10930:EpMedia:v0.9.5] AndroidManifest.xml:12:22-70
16    <uses-permission android:name="android.permission.MOUNT_UNMOUNT_FILESYSTEMS" />
16-->[com.github.yangjie10930:EpMedia:v0.9.5] AndroidManifest.xml:13:5-84
16-->[com.github.yangjie10930:EpMedia:v0.9.5] AndroidManifest.xml:13:22-81
17
18    <application
18-->src\main\AndroidManifest.xml:10:5-76:19
19        android:name="com.aserbao.androidcustomcamera.base.MyApplication"
19-->src\main\AndroidManifest.xml:11:9-43
20        android:allowBackup="true"
20-->src\main\AndroidManifest.xml:12:9-35
21        android:debuggable="true"
21-->src\main\AndroidManifest.xml:13:9-34
22        android:hardwareAccelerated="true"
22-->src\main\AndroidManifest.xml:14:9-43
23        android:icon="@mipmap/ic_lanuch"
23-->src\main\AndroidManifest.xml:15:9-41
24        android:label="@string/app_name"
24-->src\main\AndroidManifest.xml:16:9-41
25        android:supportsRtl="true"
25-->src\main\AndroidManifest.xml:17:9-35
26        android:testOnly="true"
27        android:theme="@style/MyTheme" >
27-->src\main\AndroidManifest.xml:18:9-39
28        <activity android:name="com.aserbao.androidcustomcamera.WelcomeActivity" >
28-->src\main\AndroidManifest.xml:19:9-25:20
28-->src\main\AndroidManifest.xml:19:19-50
29            <intent-filter>
29-->src\main\AndroidManifest.xml:20:13-24:29
30                <action android:name="android.intent.action.MAIN" />
30-->src\main\AndroidManifest.xml:21:17-69
30-->src\main\AndroidManifest.xml:21:25-66
31
32                <category android:name="android.intent.category.LAUNCHER" />
32-->src\main\AndroidManifest.xml:23:17-77
32-->src\main\AndroidManifest.xml:23:27-74
33            </intent-filter>
34        </activity>
35        <activity android:name="com.aserbao.androidcustomcamera.blocks.atestcases.TestCaseActivity" />
35-->src\main\AndroidManifest.xml:26:9-72
35-->src\main\AndroidManifest.xml:26:19-69
36        <activity android:name="com.aserbao.androidcustomcamera.blocks.others.changeVoice.ChangeVoiceActivity" />
36-->src\main\AndroidManifest.xml:27:9-83
36-->src\main\AndroidManifest.xml:27:19-80
37        <activity android:name="com.aserbao.androidcustomcamera.blocks.mediaCodec.show.MediaCodecShowOnGlSurfaceView" />
37-->src\main\AndroidManifest.xml:28:9-90
37-->src\main\AndroidManifest.xml:28:19-87
38        <activity android:name="com.aserbao.androidcustomcamera.HomeActivity" />
38-->src\main\AndroidManifest.xml:29:9-59
38-->src\main\AndroidManifest.xml:29:19-47
39        <activity android:name="com.aserbao.androidcustomcamera.blocks.BlocksActivity" />
39-->src\main\AndroidManifest.xml:30:9-59
39-->src\main\AndroidManifest.xml:30:19-56
40        <activity android:name="com.aserbao.androidcustomcamera.blocks.mediaCodec.MediaCodecActivity" />
40-->src\main\AndroidManifest.xml:31:9-74
40-->src\main\AndroidManifest.xml:31:19-71
41        <activity android:name="com.aserbao.androidcustomcamera.whole.WholeActivity" />
41-->src\main\AndroidManifest.xml:32:9-57
41-->src\main\AndroidManifest.xml:32:19-54
42        <activity android:name="com.aserbao.androidcustomcamera.blocks.mediaCodec.primary.PrimaryMediaCodecActivity" />
42-->src\main\AndroidManifest.xml:33:9-89
42-->src\main\AndroidManifest.xml:33:19-86
43        <activity android:name="com.aserbao.androidcustomcamera.blocks.mediaCodec.bigflake.encodeAndMux.EncodeAndMuxActivity" />
43-->src\main\AndroidManifest.xml:34:9-98
43-->src\main\AndroidManifest.xml:34:19-95
44        <activity android:name="com.aserbao.androidcustomcamera.blocks.mediaCodec.recordCamera.RecordCameraActivity" />
44-->src\main\AndroidManifest.xml:35:9-89
44-->src\main\AndroidManifest.xml:35:19-86
45        <activity android:name="com.aserbao.androidcustomcamera.whole.videoPlayer.VideoViewPlayerActivity" />
45-->src\main\AndroidManifest.xml:36:9-79
45-->src\main\AndroidManifest.xml:36:19-76
46        <activity android:name="com.aserbao.androidcustomcamera.blocks.mediaCodec.recordBaseCamera.RecordBaseCameraActivity" />
46-->src\main\AndroidManifest.xml:37:9-97
46-->src\main\AndroidManifest.xml:37:19-94
47        <activity android:name="com.aserbao.androidcustomcamera.blocks.mediaCodec.recordCameraOpenGl.RecordCameraOpenGlActivity" />
47-->src\main\AndroidManifest.xml:38:9-101
47-->src\main\AndroidManifest.xml:38:19-98
48        <activity android:name="com.aserbao.androidcustomcamera.blocks.mediaCodec.bigflake.cameraToMpeg.CameraToMpegActivity" />
48-->src\main\AndroidManifest.xml:39:9-98
48-->src\main\AndroidManifest.xml:39:19-95
49        <activity android:name="com.aserbao.androidcustomcamera.blocks.mediaCodec.bigflake.BigflakeActivity" />
49-->src\main\AndroidManifest.xml:40:9-81
49-->src\main\AndroidManifest.xml:40:19-78
50        <activity
50-->src\main\AndroidManifest.xml:41:9-45:20
51            android:name="com.aserbao.androidcustomcamera.whole.record.RecorderActivity"
51-->src\main\AndroidManifest.xml:42:13-58
52            android:screenOrientation="portrait" >
52-->src\main\AndroidManifest.xml:43:13-49
53        </activity>
54        <activity android:name="com.aserbao.androidcustomcamera.blocks.mediaCodec.bigflake.encodeDecode.EncodeDecodeActivity" />
54-->src\main\AndroidManifest.xml:46:9-98
54-->src\main\AndroidManifest.xml:46:19-95
55        <activity android:name="com.aserbao.androidcustomcamera.blocks.mediaCodec.bigflake.extractDecodeEditEncodeMux.ExtractDecodeEditEncodeMuxActivity" />
55-->src\main\AndroidManifest.xml:47:9-126
55-->src\main\AndroidManifest.xml:47:19-123
56        <activity android:name="com.aserbao.androidcustomcamera.blocks.mediaCodec.bigflake.decodeEditEncode.DecodeEditEncodeActivity" />
56-->src\main\AndroidManifest.xml:48:9-106
56-->src\main\AndroidManifest.xml:48:19-103
57        <activity android:name="com.aserbao.androidcustomcamera.blocks.mediaCodec.bigflake.extractMpegFrames.ExtractMpegFramesActivity" />
57-->src\main\AndroidManifest.xml:49:9-108
57-->src\main\AndroidManifest.xml:49:19-105
58        <activity android:name="com.aserbao.androidcustomcamera.blocks.mediaCodec.primary.CreatMusicVideoByMediaCodecActivity" />
58-->src\main\AndroidManifest.xml:50:9-99
58-->src\main\AndroidManifest.xml:50:19-96
59        <activity android:name="com.aserbao.androidcustomcamera.blocks.mediaCodec.primary.mp3TranslateAAC.Mp3TranslateAACActivity" />
59-->src\main\AndroidManifest.xml:51:9-103
59-->src\main\AndroidManifest.xml:51:19-100
60        <activity android:name="com.aserbao.androidcustomcamera.blocks.mediaExtractor.MediaExtractorActivity" />
60-->src\main\AndroidManifest.xml:52:9-82
60-->src\main\AndroidManifest.xml:52:19-79
61        <activity android:name="com.aserbao.androidcustomcamera.blocks.mediaMuxer.MediaMuxerActivity" />
61-->src\main\AndroidManifest.xml:53:9-74
61-->src\main\AndroidManifest.xml:53:19-71
62        <activity android:name="com.aserbao.androidcustomcamera.blocks.mediaMuxer.functions.CreateVideoAddAudioToMp4" />
62-->src\main\AndroidManifest.xml:54:9-90
62-->src\main\AndroidManifest.xml:54:19-87
63        <activity android:name="com.aserbao.androidcustomcamera.blocks.audioRecord.AudioRecordActivity" />
63-->src\main\AndroidManifest.xml:55:9-76
63-->src\main\AndroidManifest.xml:55:19-73
64        <activity android:name="com.aserbao.androidcustomcamera.blocks.others.changeHue.ChangeHueActivity" />
64-->src\main\AndroidManifest.xml:56:9-79
64-->src\main\AndroidManifest.xml:56:19-76
65        <activity android:name="com.aserbao.androidcustomcamera.blocks.others.OthersActivity" />
65-->src\main\AndroidManifest.xml:57:9-66
65-->src\main\AndroidManifest.xml:57:19-63
66        <activity android:name="com.aserbao.androidcustomcamera.blocks.others.audioStyle.AudioStyleActivity" />
66-->src\main\AndroidManifest.xml:58:9-81
66-->src\main\AndroidManifest.xml:58:19-78
67        <activity android:name="com.aserbao.androidcustomcamera.blocks.ffmpeg.FFmpegActivity" />
67-->src\main\AndroidManifest.xml:59:9-66
67-->src\main\AndroidManifest.xml:59:19-63
68        <activity android:name="com.aserbao.androidcustomcamera.whole.createVideoByVoice.CreateVideoByAudioDbActivity" />
68-->src\main\AndroidManifest.xml:60:9-91
68-->src\main\AndroidManifest.xml:60:19-88
69        <activity
69-->src\main\AndroidManifest.xml:61:9-63:52
70            android:name="com.aserbao.androidcustomcamera.whole.pickvideo.VideoPickActivity"
70-->src\main\AndroidManifest.xml:62:13-62
71            android:screenOrientation="portrait" />
71-->src\main\AndroidManifest.xml:63:13-49
72        <activity
72-->src\main\AndroidManifest.xml:64:9-66:52
73            android:name="com.aserbao.androidcustomcamera.whole.createVideoByVoice.localEdit.LocalVideoActivity"
73-->src\main\AndroidManifest.xml:65:13-82
74            android:screenOrientation="portrait" />
74-->src\main\AndroidManifest.xml:66:13-49
75        <activity
75-->src\main\AndroidManifest.xml:67:9-69:52
76            android:name="com.aserbao.androidcustomcamera.whole.editVideo.VideoEditActivity"
76-->src\main\AndroidManifest.xml:68:13-62
77            android:screenOrientation="portrait" />
77-->src\main\AndroidManifest.xml:69:13-49
78        <activity
78-->src\main\AndroidManifest.xml:70:9-72:52
79            android:name="com.aserbao.androidcustomcamera.whole.videoPlayer.VideoPlayerActivity2"
79-->src\main\AndroidManifest.xml:71:13-67
80            android:screenOrientation="portrait" />
80-->src\main\AndroidManifest.xml:72:13-49
81        <activity
81-->src\main\AndroidManifest.xml:73:9-75:52
82            android:name="com.aserbao.androidcustomcamera.whole.selCover.SelCoverTimeActivity"
82-->src\main\AndroidManifest.xml:74:13-64
83            android:screenOrientation="portrait" />
83-->src\main\AndroidManifest.xml:75:13-49
84        <activity
84-->[pub.devrel:easypermissions:0.3.0] AndroidManifest.xml:12:9-16:66
85            android:name="pub.devrel.easypermissions.AppSettingsDialogHolderActivity"
85-->[pub.devrel:easypermissions:0.3.0] AndroidManifest.xml:13:13-86
86            android:exported="false"
86-->[pub.devrel:easypermissions:0.3.0] AndroidManifest.xml:14:13-37
87            android:label=""
87-->[pub.devrel:easypermissions:0.3.0] AndroidManifest.xml:15:13-29
88            android:theme="@style/EasyPermissions.Transparent" />
88-->[pub.devrel:easypermissions:0.3.0] AndroidManifest.xml:16:13-63
89    </application>
90
91</manifest>